Watching for file changes with StatReloader
Not Found: /favicon.ico
[22/Nov/2025 02:16:49] "GET /favicon.ico HTTP/1.1" 404 2474
Internal Server Error: /api/test/
Traceback (most recent call last):
  File "/home/ubuntu/ASC-Project-Entry-Exit-Dashboard/.venv/lib/python3.12/site-packages/django/db/backends/utils.py", line 89, in _execute
    return self.cursor.execute(sql, params)
           ^^^^^^^^^^^^^^^^^^^^^^^^^^^^^^^^
  File "/home/ubuntu/ASC-Project-Entry-Exit-Dashboard/.venv/lib/python3.12/site-packages/django/db/backends/sqlite3/base.py", line 328, in execute
    return super().execute(query, params)
           ^^^^^^^^^^^^^^^^^^^^^^^^^^^^^^
sqlite3.OperationalError: no such table: surveys_surveyresponse

The above exception was the direct cause of the following exception:

Traceback (most recent call last):
  File "/home/ubuntu/ASC-Project-Entry-Exit-Dashboard/.venv/lib/python3.12/site-packages/django/core/handlers/exception.py", line 55, in inner
    response = get_response(request)
               ^^^^^^^^^^^^^^^^^^^^^
  File "/home/ubuntu/ASC-Project-Entry-Exit-Dashboard/.venv/lib/python3.12/site-packages/django/core/handlers/base.py", line 197, in _get_response
    response = wrapped_callback(request, *callback_args, **callback_kwargs)
               ^^^^^^^^^^^^^^^^^^^^^^^^^^^^^^^^^^^^^^^^^^^^^^^^^^^^^^^^^^^^
  File "/home/ubuntu/ASC-Project-Entry-Exit-Dashboard/.venv/lib/python3.12/site-packages/django/views/decorators/csrf.py", line 56, in wrapper_view
    return view_func(*args, **kwargs)
           ^^^^^^^^^^^^^^^^^^^^^^^^^^
  File "/home/ubuntu/ASC-Project-Entry-Exit-Dashboard/.venv/lib/python3.12/site-packages/django/views/generic/base.py", line 104, in view
    return self.dispatch(request, *args, **kwargs)
           ^^^^^^^^^^^^^^^^^^^^^^^^^^^^^^^^^^^^^^^
  File "/home/ubuntu/ASC-Project-Entry-Exit-Dashboard/.venv/lib/python3.12/site-packages/rest_framework/views.py", line 509, in dispatch
    response = self.handle_exception(exc)
               ^^^^^^^^^^^^^^^^^^^^^^^^^^
  File "/home/ubuntu/ASC-Project-Entry-Exit-Dashboard/.venv/lib/python3.12/site-packages/rest_framework/views.py", line 469, in handle_exception
    self.raise_uncaught_exception(exc)
  File "/home/ubuntu/ASC-Project-Entry-Exit-Dashboard/.venv/lib/python3.12/site-packages/rest_framework/views.py", line 480, in raise_uncaught_exception
    raise exc
  File "/home/ubuntu/ASC-Project-Entry-Exit-Dashboard/.venv/lib/python3.12/site-packages/rest_framework/views.py", line 506, in dispatch
    response = handler(request, *args, **kwargs)
               ^^^^^^^^^^^^^^^^^^^^^^^^^^^^^^^^^
  File "/home/ubuntu/ASC-Project-Entry-Exit-Dashboard/.venv/lib/python3.12/site-packages/rest_framework/decorators.py", line 50, in handler
    return func(*args, **kwargs)
           ^^^^^^^^^^^^^^^^^^^^^
  File "/home/ubuntu/ASC-Project-Entry-Exit-Dashboard/backend/surveys/views.py", line 230, in test_api
    'total_responses': SurveyResponse.objects.count()
                       ^^^^^^^^^^^^^^^^^^^^^^^^^^^^^^
  File "/home/ubuntu/ASC-Project-Entry-Exit-Dashboard/.venv/lib/python3.12/site-packages/django/db/models/manager.py", line 87, in manager_method
    return getattr(self.get_queryset(), name)(*args, **kwargs)
           ^^^^^^^^^^^^^^^^^^^^^^^^^^^^^^^^^^^^^^^^^^^^^^^^^^^
  File "/home/ubuntu/ASC-Project-Entry-Exit-Dashboard/.venv/lib/python3.12/site-packages/django/db/models/query.py", line 608, in count
    return self.query.get_count(using=self.db)
           ^^^^^^^^^^^^^^^^^^^^^^^^^^^^^^^^^^^
  File "/home/ubuntu/ASC-Project-Entry-Exit-Dashboard/.venv/lib/python3.12/site-packages/django/db/models/sql/query.py", line 568, in get_count
    return obj.get_aggregation(using, {"__count": Count("*")})["__count"]
           ^^^^^^^^^^^^^^^^^^^^^^^^^^^^^^^^^^^^^^^^^^^^^^^^^^^
  File "/home/ubuntu/ASC-Project-Entry-Exit-Dashboard/.venv/lib/python3.12/site-packages/django/db/models/sql/query.py", line 554, in get_aggregation
    result = compiler.execute_sql(SINGLE)
             ^^^^^^^^^^^^^^^^^^^^^^^^^^^^
  File "/home/ubuntu/ASC-Project-Entry-Exit-Dashboard/.venv/lib/python3.12/site-packages/django/db/models/sql/compiler.py", line 1562, in execute_sql
    cursor.execute(sql, params)
  File "/home/ubuntu/ASC-Project-Entry-Exit-Dashboard/.venv/lib/python3.12/site-packages/django/db/backends/utils.py", line 102, in execute
    return super().execute(sql, params)
           ^^^^^^^^^^^^^^^^^^^^^^^^^^^^
  File "/home/ubuntu/ASC-Project-Entry-Exit-Dashboard/.venv/lib/python3.12/site-packages/django/db/backends/utils.py", line 67, in execute
    return self._execute_with_wrappers(
           ^^^^^^^^^^^^^^^^^^^^^^^^^^^^
  File "/home/ubuntu/ASC-Project-Entry-Exit-Dashboard/.venv/lib/python3.12/site-packages/django/db/backends/utils.py", line 80, in _execute_with_wrappers
    return executor(sql, params, many, context)
           ^^^^^^^^^^^^^^^^^^^^^^^^^^^^^^^^^^^^
  File "/home/ubuntu/ASC-Project-Entry-Exit-Dashboard/.venv/lib/python3.12/site-packages/django/db/backends/utils.py", line 84, in _execute
    with self.db.wrap_database_errors:
  File "/home/ubuntu/ASC-Project-Entry-Exit-Dashboard/.venv/lib/python3.12/site-packages/django/db/utils.py", line 91, in __exit__
    raise dj_exc_value.with_traceback(traceback) from exc_value
  File "/home/ubuntu/ASC-Project-Entry-Exit-Dashboard/.venv/lib/python3.12/site-packages/django/db/backends/utils.py", line 89, in _execute
    return self.cursor.execute(sql, params)
           ^^^^^^^^^^^^^^^^^^^^^^^^^^^^^^^^
  File "/home/ubuntu/ASC-Project-Entry-Exit-Dashboard/.venv/lib/python3.12/site-packages/django/db/backends/sqlite3/base.py", line 328, in execute
    return super().execute(query, params)
           ^^^^^^^^^^^^^^^^^^^^^^^^^^^^^^
django.db.utils.OperationalError: no such table: surveys_surveyresponse
[22/Nov/2025 02:16:49] "GET /api/test/ HTTP/1.1" 500 162570
Internal Server Error: /api/test/
Traceback (most recent call last):
  File "/home/ubuntu/ASC-Project-Entry-Exit-Dashboard/.venv/lib/python3.12/site-packages/django/db/backends/utils.py", line 89, in _execute
    return self.cursor.execute(sql, params)
           ^^^^^^^^^^^^^^^^^^^^^^^^^^^^^^^^
  File "/home/ubuntu/ASC-Project-Entry-Exit-Dashboard/.venv/lib/python3.12/site-packages/django/db/backends/sqlite3/base.py", line 328, in execute
    return super().execute(query, params)
           ^^^^^^^^^^^^^^^^^^^^^^^^^^^^^^
sqlite3.OperationalError: no such table: surveys_surveyresponse

The above exception was the direct cause of the following exception:

Traceback (most recent call last):
  File "/home/ubuntu/ASC-Project-Entry-Exit-Dashboard/.venv/lib/python3.12/site-packages/django/core/handlers/exception.py", line 55, in inner
    response = get_response(request)
               ^^^^^^^^^^^^^^^^^^^^^
  File "/home/ubuntu/ASC-Project-Entry-Exit-Dashboard/.venv/lib/python3.12/site-packages/django/core/handlers/base.py", line 197, in _get_response
    response = wrapped_callback(request, *callback_args, **callback_kwargs)
               ^^^^^^^^^^^^^^^^^^^^^^^^^^^^^^^^^^^^^^^^^^^^^^^^^^^^^^^^^^^^
  File "/home/ubuntu/ASC-Project-Entry-Exit-Dashboard/.venv/lib/python3.12/site-packages/django/views/decorators/csrf.py", line 56, in wrapper_view
    return view_func(*args, **kwargs)
           ^^^^^^^^^^^^^^^^^^^^^^^^^^
  File "/home/ubuntu/ASC-Project-Entry-Exit-Dashboard/.venv/lib/python3.12/site-packages/django/views/generic/base.py", line 104, in view
    return self.dispatch(request, *args, **kwargs)
           ^^^^^^^^^^^^^^^^^^^^^^^^^^^^^^^^^^^^^^^
  File "/home/ubuntu/ASC-Project-Entry-Exit-Dashboard/.venv/lib/python3.12/site-packages/rest_framework/views.py", line 509, in dispatch
    response = self.handle_exception(exc)
               ^^^^^^^^^^^^^^^^^^^^^^^^^^
  File "/home/ubuntu/ASC-Project-Entry-Exit-Dashboard/.venv/lib/python3.12/site-packages/rest_framework/views.py", line 469, in handle_exception
    self.raise_uncaught_exception(exc)
  File "/home/ubuntu/ASC-Project-Entry-Exit-Dashboard/.venv/lib/python3.12/site-packages/rest_framework/views.py", line 480, in raise_uncaught_exception
    raise exc
  File "/home/ubuntu/ASC-Project-Entry-Exit-Dashboard/.venv/lib/python3.12/site-packages/rest_framework/views.py", line 506, in dispatch
    response = handler(request, *args, **kwargs)
               ^^^^^^^^^^^^^^^^^^^^^^^^^^^^^^^^^
  File "/home/ubuntu/ASC-Project-Entry-Exit-Dashboard/.venv/lib/python3.12/site-packages/rest_framework/decorators.py", line 50, in handler
    return func(*args, **kwargs)
           ^^^^^^^^^^^^^^^^^^^^^
  File "/home/ubuntu/ASC-Project-Entry-Exit-Dashboard/backend/surveys/views.py", line 230, in test_api
    'total_responses': SurveyResponse.objects.count()
                       ^^^^^^^^^^^^^^^^^^^^^^^^^^^^^^
  File "/home/ubuntu/ASC-Project-Entry-Exit-Dashboard/.venv/lib/python3.12/site-packages/django/db/models/manager.py", line 87, in manager_method
    return getattr(self.get_queryset(), name)(*args, **kwargs)
           ^^^^^^^^^^^^^^^^^^^^^^^^^^^^^^^^^^^^^^^^^^^^^^^^^^^
  File "/home/ubuntu/ASC-Project-Entry-Exit-Dashboard/.venv/lib/python3.12/site-packages/django/db/models/query.py", line 608, in count
    return self.query.get_count(using=self.db)
           ^^^^^^^^^^^^^^^^^^^^^^^^^^^^^^^^^^^
  File "/home/ubuntu/ASC-Project-Entry-Exit-Dashboard/.venv/lib/python3.12/site-packages/django/db/models/sql/query.py", line 568, in get_count
    return obj.get_aggregation(using, {"__count": Count("*")})["__count"]
           ^^^^^^^^^^^^^^^^^^^^^^^^^^^^^^^^^^^^^^^^^^^^^^^^^^^
  File "/home/ubuntu/ASC-Project-Entry-Exit-Dashboard/.venv/lib/python3.12/site-packages/django/db/models/sql/query.py", line 554, in get_aggregation
    result = compiler.execute_sql(SINGLE)
             ^^^^^^^^^^^^^^^^^^^^^^^^^^^^
  File "/home/ubuntu/ASC-Project-Entry-Exit-Dashboard/.venv/lib/python3.12/site-packages/django/db/models/sql/compiler.py", line 1562, in execute_sql
    cursor.execute(sql, params)
  File "/home/ubuntu/ASC-Project-Entry-Exit-Dashboard/.venv/lib/python3.12/site-packages/django/db/backends/utils.py", line 102, in execute
    return super().execute(sql, params)
           ^^^^^^^^^^^^^^^^^^^^^^^^^^^^
  File "/home/ubuntu/ASC-Project-Entry-Exit-Dashboard/.venv/lib/python3.12/site-packages/django/db/backends/utils.py", line 67, in execute
    return self._execute_with_wrappers(
           ^^^^^^^^^^^^^^^^^^^^^^^^^^^^
  File "/home/ubuntu/ASC-Project-Entry-Exit-Dashboard/.venv/lib/python3.12/site-packages/django/db/backends/utils.py", line 80, in _execute_with_wrappers
    return executor(sql, params, many, context)
           ^^^^^^^^^^^^^^^^^^^^^^^^^^^^^^^^^^^^
  File "/home/ubuntu/ASC-Project-Entry-Exit-Dashboard/.venv/lib/python3.12/site-packages/django/db/backends/utils.py", line 84, in _execute
    with self.db.wrap_database_errors:
  File "/home/ubuntu/ASC-Project-Entry-Exit-Dashboard/.venv/lib/python3.12/site-packages/django/db/utils.py", line 91, in __exit__
    raise dj_exc_value.with_traceback(traceback) from exc_value
  File "/home/ubuntu/ASC-Project-Entry-Exit-Dashboard/.venv/lib/python3.12/site-packages/django/db/backends/utils.py", line 89, in _execute
    return self.cursor.execute(sql, params)
           ^^^^^^^^^^^^^^^^^^^^^^^^^^^^^^^^
  File "/home/ubuntu/ASC-Project-Entry-Exit-Dashboard/.venv/lib/python3.12/site-packages/django/db/backends/sqlite3/base.py", line 328, in execute
    return super().execute(query, params)
           ^^^^^^^^^^^^^^^^^^^^^^^^^^^^^^
django.db.utils.OperationalError: no such table: surveys_surveyresponse
[22/Nov/2025 02:16:49] "GET /api/test/ HTTP/1.1" 500 161579
[22/Nov/2025 02:16:49,499] - Broken pipe from ('18.144.20.248', 48946)
Internal Server Error: /api/test/
Traceback (most recent call last):
  File "/home/ubuntu/ASC-Project-Entry-Exit-Dashboard/.venv/lib/python3.12/site-packages/django/db/backends/utils.py", line 89, in _execute
    return self.cursor.execute(sql, params)
           ^^^^^^^^^^^^^^^^^^^^^^^^^^^^^^^^
  File "/home/ubuntu/ASC-Project-Entry-Exit-Dashboard/.venv/lib/python3.12/site-packages/django/db/backends/sqlite3/base.py", line 328, in execute
    return super().execute(query, params)
           ^^^^^^^^^^^^^^^^^^^^^^^^^^^^^^
sqlite3.OperationalError: no such table: surveys_surveyresponse

The above exception was the direct cause of the following exception:

Traceback (most recent call last):
  File "/home/ubuntu/ASC-Project-Entry-Exit-Dashboard/.venv/lib/python3.12/site-packages/django/core/handlers/exception.py", line 55, in inner
    response = get_response(request)
               ^^^^^^^^^^^^^^^^^^^^^
  File "/home/ubuntu/ASC-Project-Entry-Exit-Dashboard/.venv/lib/python3.12/site-packages/django/core/handlers/base.py", line 197, in _get_response
    response = wrapped_callback(request, *callback_args, **callback_kwargs)
               ^^^^^^^^^^^^^^^^^^^^^^^^^^^^^^^^^^^^^^^^^^^^^^^^^^^^^^^^^^^^
  File "/home/ubuntu/ASC-Project-Entry-Exit-Dashboard/.venv/lib/python3.12/site-packages/django/views/decorators/csrf.py", line 56, in wrapper_view
    return view_func(*args, **kwargs)
           ^^^^^^^^^^^^^^^^^^^^^^^^^^
  File "/home/ubuntu/ASC-Project-Entry-Exit-Dashboard/.venv/lib/python3.12/site-packages/django/views/generic/base.py", line 104, in view
    return self.dispatch(request, *args, **kwargs)
           ^^^^^^^^^^^^^^^^^^^^^^^^^^^^^^^^^^^^^^^
  File "/home/ubuntu/ASC-Project-Entry-Exit-Dashboard/.venv/lib/python3.12/site-packages/rest_framework/views.py", line 509, in dispatch
    response = self.handle_exception(exc)
               ^^^^^^^^^^^^^^^^^^^^^^^^^^
  File "/home/ubuntu/ASC-Project-Entry-Exit-Dashboard/.venv/lib/python3.12/site-packages/rest_framework/views.py", line 469, in handle_exception
    self.raise_uncaught_exception(exc)
  File "/home/ubuntu/ASC-Project-Entry-Exit-Dashboard/.venv/lib/python3.12/site-packages/rest_framework/views.py", line 480, in raise_uncaught_exception
    raise exc
  File "/home/ubuntu/ASC-Project-Entry-Exit-Dashboard/.venv/lib/python3.12/site-packages/rest_framework/views.py", line 506, in dispatch
    response = handler(request, *args, **kwargs)
               ^^^^^^^^^^^^^^^^^^^^^^^^^^^^^^^^^
  File "/home/ubuntu/ASC-Project-Entry-Exit-Dashboard/.venv/lib/python3.12/site-packages/rest_framework/decorators.py", line 50, in handler
    return func(*args, **kwargs)
           ^^^^^^^^^^^^^^^^^^^^^
  File "/home/ubuntu/ASC-Project-Entry-Exit-Dashboard/backend/surveys/views.py", line 230, in test_api
    'total_responses': SurveyResponse.objects.count()
                       ^^^^^^^^^^^^^^^^^^^^^^^^^^^^^^
  File "/home/ubuntu/ASC-Project-Entry-Exit-Dashboard/.venv/lib/python3.12/site-packages/django/db/models/manager.py", line 87, in manager_method
    return getattr(self.get_queryset(), name)(*args, **kwargs)
           ^^^^^^^^^^^^^^^^^^^^^^^^^^^^^^^^^^^^^^^^^^^^^^^^^^^
  File "/home/ubuntu/ASC-Project-Entry-Exit-Dashboard/.venv/lib/python3.12/site-packages/django/db/models/query.py", line 608, in count
    return self.query.get_count(using=self.db)
           ^^^^^^^^^^^^^^^^^^^^^^^^^^^^^^^^^^^
  File "/home/ubuntu/ASC-Project-Entry-Exit-Dashboard/.venv/lib/python3.12/site-packages/django/db/models/sql/query.py", line 568, in get_count
    return obj.get_aggregation(using, {"__count": Count("*")})["__count"]
           ^^^^^^^^^^^^^^^^^^^^^^^^^^^^^^^^^^^^^^^^^^^^^^^^^^^
  File "/home/ubuntu/ASC-Project-Entry-Exit-Dashboard/.venv/lib/python3.12/site-packages/django/db/models/sql/query.py", line 554, in get_aggregation
    result = compiler.execute_sql(SINGLE)
             ^^^^^^^^^^^^^^^^^^^^^^^^^^^^
  File "/home/ubuntu/ASC-Project-Entry-Exit-Dashboard/.venv/lib/python3.12/site-packages/django/db/models/sql/compiler.py", line 1562, in execute_sql
    cursor.execute(sql, params)
  File "/home/ubuntu/ASC-Project-Entry-Exit-Dashboard/.venv/lib/python3.12/site-packages/django/db/backends/utils.py", line 102, in execute
    return super().execute(sql, params)
           ^^^^^^^^^^^^^^^^^^^^^^^^^^^^
  File "/home/ubuntu/ASC-Project-Entry-Exit-Dashboard/.venv/lib/python3.12/site-packages/django/db/backends/utils.py", line 67, in execute
    return self._execute_with_wrappers(
           ^^^^^^^^^^^^^^^^^^^^^^^^^^^^
  File "/home/ubuntu/ASC-Project-Entry-Exit-Dashboard/.venv/lib/python3.12/site-packages/django/db/backends/utils.py", line 80, in _execute_with_wrappers
    return executor(sql, params, many, context)
           ^^^^^^^^^^^^^^^^^^^^^^^^^^^^^^^^^^^^
  File "/home/ubuntu/ASC-Project-Entry-Exit-Dashboard/.venv/lib/python3.12/site-packages/django/db/backends/utils.py", line 84, in _execute
    with self.db.wrap_database_errors:
  File "/home/ubuntu/ASC-Project-Entry-Exit-Dashboard/.venv/lib/python3.12/site-packages/django/db/utils.py", line 91, in __exit__
    raise dj_exc_value.with_traceback(traceback) from exc_value
  File "/home/ubuntu/ASC-Project-Entry-Exit-Dashboard/.venv/lib/python3.12/site-packages/django/db/backends/utils.py", line 89, in _execute
    return self.cursor.execute(sql, params)
           ^^^^^^^^^^^^^^^^^^^^^^^^^^^^^^^^
  File "/home/ubuntu/ASC-Project-Entry-Exit-Dashboard/.venv/lib/python3.12/site-packages/django/db/backends/sqlite3/base.py", line 328, in execute
    return super().execute(query, params)
           ^^^^^^^^^^^^^^^^^^^^^^^^^^^^^^
django.db.utils.OperationalError: no such table: surveys_surveyresponse
[22/Nov/2025 02:16:49] "GET /api/test/ HTTP/1.1" 500 162570
Internal Server Error: /api/test/
Traceback (most recent call last):
  File "/home/ubuntu/ASC-Project-Entry-Exit-Dashboard/.venv/lib/python3.12/site-packages/django/db/backends/utils.py", line 89, in _execute
    return self.cursor.execute(sql, params)
           ^^^^^^^^^^^^^^^^^^^^^^^^^^^^^^^^
  File "/home/ubuntu/ASC-Project-Entry-Exit-Dashboard/.venv/lib/python3.12/site-packages/django/db/backends/sqlite3/base.py", line 328, in execute
    return super().execute(query, params)
           ^^^^^^^^^^^^^^^^^^^^^^^^^^^^^^
sqlite3.OperationalError: no such table: surveys_surveyresponse

The above exception was the direct cause of the following exception:

Traceback (most recent call last):
  File "/home/ubuntu/ASC-Project-Entry-Exit-Dashboard/.venv/lib/python3.12/site-packages/django/core/handlers/exception.py", line 55, in inner
    response = get_response(request)
               ^^^^^^^^^^^^^^^^^^^^^
  File "/home/ubuntu/ASC-Project-Entry-Exit-Dashboard/.venv/lib/python3.12/site-packages/django/core/handlers/base.py", line 197, in _get_response
    response = wrapped_callback(request, *callback_args, **callback_kwargs)
               ^^^^^^^^^^^^^^^^^^^^^^^^^^^^^^^^^^^^^^^^^^^^^^^^^^^^^^^^^^^^
  File "/home/ubuntu/ASC-Project-Entry-Exit-Dashboard/.venv/lib/python3.12/site-packages/django/views/decorators/csrf.py", line 56, in wrapper_view
    return view_func(*args, **kwargs)
           ^^^^^^^^^^^^^^^^^^^^^^^^^^
  File "/home/ubuntu/ASC-Project-Entry-Exit-Dashboard/.venv/lib/python3.12/site-packages/django/views/generic/base.py", line 104, in view
    return self.dispatch(request, *args, **kwargs)
           ^^^^^^^^^^^^^^^^^^^^^^^^^^^^^^^^^^^^^^^
  File "/home/ubuntu/ASC-Project-Entry-Exit-Dashboard/.venv/lib/python3.12/site-packages/rest_framework/views.py", line 509, in dispatch
    response = self.handle_exception(exc)
               ^^^^^^^^^^^^^^^^^^^^^^^^^^
  File "/home/ubuntu/ASC-Project-Entry-Exit-Dashboard/.venv/lib/python3.12/site-packages/rest_framework/views.py", line 469, in handle_exception
    self.raise_uncaught_exception(exc)
  File "/home/ubuntu/ASC-Project-Entry-Exit-Dashboard/.venv/lib/python3.12/site-packages/rest_framework/views.py", line 480, in raise_uncaught_exception
    raise exc
  File "/home/ubuntu/ASC-Project-Entry-Exit-Dashboard/.venv/lib/python3.12/site-packages/rest_framework/views.py", line 506, in dispatch
    response = handler(request, *args, **kwargs)
               ^^^^^^^^^^^^^^^^^^^^^^^^^^^^^^^^^
  File "/home/ubuntu/ASC-Project-Entry-Exit-Dashboard/.venv/lib/python3.12/site-packages/rest_framework/decorators.py", line 50, in handler
    return func(*args, **kwargs)
           ^^^^^^^^^^^^^^^^^^^^^
  File "/home/ubuntu/ASC-Project-Entry-Exit-Dashboard/backend/surveys/views.py", line 230, in test_api
    'total_responses': SurveyResponse.objects.count()
                       ^^^^^^^^^^^^^^^^^^^^^^^^^^^^^^
  File "/home/ubuntu/ASC-Project-Entry-Exit-Dashboard/.venv/lib/python3.12/site-packages/django/db/models/manager.py", line 87, in manager_method
    return getattr(self.get_queryset(), name)(*args, **kwargs)
           ^^^^^^^^^^^^^^^^^^^^^^^^^^^^^^^^^^^^^^^^^^^^^^^^^^^
  File "/home/ubuntu/ASC-Project-Entry-Exit-Dashboard/.venv/lib/python3.12/site-packages/django/db/models/query.py", line 608, in count
    return self.query.get_count(using=self.db)
           ^^^^^^^^^^^^^^^^^^^^^^^^^^^^^^^^^^^
  File "/home/ubuntu/ASC-Project-Entry-Exit-Dashboard/.venv/lib/python3.12/site-packages/django/db/models/sql/query.py", line 568, in get_count
    return obj.get_aggregation(using, {"__count": Count("*")})["__count"]
           ^^^^^^^^^^^^^^^^^^^^^^^^^^^^^^^^^^^^^^^^^^^^^^^^^^^
  File "/home/ubuntu/ASC-Project-Entry-Exit-Dashboard/.venv/lib/python3.12/site-packages/django/db/models/sql/query.py", line 554, in get_aggregation
    result = compiler.execute_sql(SINGLE)
             ^^^^^^^^^^^^^^^^^^^^^^^^^^^^
  File "/home/ubuntu/ASC-Project-Entry-Exit-Dashboard/.venv/lib/python3.12/site-packages/django/db/models/sql/compiler.py", line 1562, in execute_sql
    cursor.execute(sql, params)
  File "/home/ubuntu/ASC-Project-Entry-Exit-Dashboard/.venv/lib/python3.12/site-packages/django/db/backends/utils.py", line 102, in execute
    return super().execute(sql, params)
           ^^^^^^^^^^^^^^^^^^^^^^^^^^^^
  File "/home/ubuntu/ASC-Project-Entry-Exit-Dashboard/.venv/lib/python3.12/site-packages/django/db/backends/utils.py", line 67, in execute
    return self._execute_with_wrappers(
           ^^^^^^^^^^^^^^^^^^^^^^^^^^^^
  File "/home/ubuntu/ASC-Project-Entry-Exit-Dashboard/.venv/lib/python3.12/site-packages/django/db/backends/utils.py", line 80, in _execute_with_wrappers
    return executor(sql, params, many, context)
           ^^^^^^^^^^^^^^^^^^^^^^^^^^^^^^^^^^^^
  File "/home/ubuntu/ASC-Project-Entry-Exit-Dashboard/.venv/lib/python3.12/site-packages/django/db/backends/utils.py", line 84, in _execute
    with self.db.wrap_database_errors:
  File "/home/ubuntu/ASC-Project-Entry-Exit-Dashboard/.venv/lib/python3.12/site-packages/django/db/utils.py", line 91, in __exit__
    raise dj_exc_value.with_traceback(traceback) from exc_value
  File "/home/ubuntu/ASC-Project-Entry-Exit-Dashboard/.venv/lib/python3.12/site-packages/django/db/backends/utils.py", line 89, in _execute
    return self.cursor.execute(sql, params)
           ^^^^^^^^^^^^^^^^^^^^^^^^^^^^^^^^
  File "/home/ubuntu/ASC-Project-Entry-Exit-Dashboard/.venv/lib/python3.12/site-packages/django/db/backends/sqlite3/base.py", line 328, in execute
    return super().execute(query, params)
           ^^^^^^^^^^^^^^^^^^^^^^^^^^^^^^
django.db.utils.OperationalError: no such table: surveys_surveyresponse
[22/Nov/2025 02:16:51] "GET /api/test/ HTTP/1.1" 500 162570
[22/Nov/2025 02:17:03] "GET /api/test/ HTTP/1.1" 200 90
[22/Nov/2025 02:17:31] "GET /api/test/ HTTP/1.1" 200 90
Not Found: /favicon.ico
[22/Nov/2025 02:17:31] "GET /favicon.ico HTTP/1.1" 404 2474
[22/Nov/2025 02:17:31] "GET /api/test/ HTTP/1.1" 200 90
[22/Nov/2025 02:17:31] "GET /api/responses/ HTTP/1.1" 200 52
[22/Nov/2025 02:17:31] "GET /api/responses/ HTTP/1.1" 200 52
[22/Nov/2025 02:22:59] code 400, message Bad request version ('À\x14À')
[22/Nov/2025 02:22:59] You're accessing the development server over HTTPS, but it only supports HTTP.
[22/Nov/2025 02:22:59] code 400, message Bad request version ('À\x14À')
[22/Nov/2025 02:22:59] You're accessing the development server over HTTPS, but it only supports HTTP.
Not Found: /
[22/Nov/2025 02:22:59] "GET / HTTP/1.1" 404 2427
Not Found: /login
[22/Nov/2025 02:23:00] "GET /login HTTP/1.1" 404 2460
Not Found: /form.html
[22/Nov/2025 02:33:00] "GET /form.html HTTP/1.1" 404 2468
Not Found: /upl.php
[22/Nov/2025 02:33:00] "GET /upl.php HTTP/1.1" 404 2462
Not Found: /t4
[22/Nov/2025 02:33:00] "GET /t4 HTTP/1.1" 404 2447
Not Found: /geoip/
[22/Nov/2025 02:33:00] "GET /geoip/ HTTP/1.1" 404 2459
Not Found: /favicon.ico
[22/Nov/2025 02:33:00] "GET /favicon.ico HTTP/1.1" 404 2474
Not Found: /1.php
[22/Nov/2025 02:33:00] "GET /1.php HTTP/1.1" 404 2456
Not Found: /systembc/password.php
[22/Nov/2025 02:33:01] "GET /systembc/password.php HTTP/1.1" 404 2504
Not Found: /password.php
[22/Nov/2025 02:33:01] "GET /password.php HTTP/1.1" 404 2477
Not Found: /favicon.ico
[22/Nov/2025 02:42:41] "GET /favicon.ico HTTP/1.1" 404 2474
Not Found: /logo192.png
[22/Nov/2025 02:42:41] "GET /logo192.png HTTP/1.1" 404 2474
[22/Nov/2025 03:00:21] "GET /api/test/ HTTP/1.1" 200 90
[22/Nov/2025 03:00:21] "GET /api/test/ HTTP/1.1" 200 90
[22/Nov/2025 03:00:21] "GET /api/responses/ HTTP/1.1" 200 52
[22/Nov/2025 03:00:21] "GET /api/responses/ HTTP/1.1" 200 52
[22/Nov/2025 03:04:24] "GET /api/test/ HTTP/1.1" 200 90
[22/Nov/2025 03:04:24] "GET /api/test/ HTTP/1.1" 200 90
[22/Nov/2025 03:04:24] "GET /api/responses/ HTTP/1.1" 200 52
[22/Nov/2025 03:04:24] "GET /api/responses/ HTTP/1.1" 200 52
[22/Nov/2025 03:06:12] "GET /api/test/ HTTP/1.1" 200 90
[22/Nov/2025 03:06:12] "GET /api/responses/ HTTP/1.1" 200 52
[22/Nov/2025 03:06:14] "GET /api/test/ HTTP/1.1" 200 90
[22/Nov/2025 03:06:14] "GET /api/test/ HTTP/1.1" 200 90
[22/Nov/2025 03:06:14] "GET /api/responses/ HTTP/1.1" 200 52
[22/Nov/2025 03:06:14] "GET /api/responses/ HTTP/1.1" 200 52
[22/Nov/2025 03:06:16] "GET /api/test/ HTTP/1.1" 200 90
[22/Nov/2025 03:06:16] "GET /api/responses/ HTTP/1.1" 200 52
[22/Nov/2025 03:07:05] "OPTIONS /api/responses/1/ HTTP/1.1" 200 0
[22/Nov/2025 03:07:50] "GET /api/responses/ HTTP/1.1" 200 52
Not Found: /
[22/Nov/2025 03:08:06] "GET / HTTP/1.1" 404 2427
[22/Nov/2025 03:08:57] "GET /api/responses/ HTTP/1.1" 200 6267
[22/Nov/2025 03:09:18] "GET /api/test/ HTTP/1.1" 200 91
[22/Nov/2025 03:09:18] "GET /api/test/ HTTP/1.1" 200 91
[22/Nov/2025 03:09:18] "GET /api/responses/ HTTP/1.1" 200 6267
[22/Nov/2025 03:09:18] "GET /api/responses/ HTTP/1.1" 200 6267
[22/Nov/2025 03:09:58] "OPTIONS /api/responses/6/ HTTP/1.1" 200 0
[22/Nov/2025 03:09:58] "PATCH /api/responses/6/ HTTP/1.1" 200 1541
[22/Nov/2025 03:09:58] "GET /api/test/ HTTP/1.1" 200 91
[22/Nov/2025 03:09:59] "GET /api/responses/ HTTP/1.1" 200 6265
[22/Nov/2025 03:11:26] "PATCH /api/responses/1/ HTTP/1.1" 200 1537
[22/Nov/2025 03:11:41] "GET /api/test/ HTTP/1.1" 200 91
[22/Nov/2025 03:11:41] "GET /api/test/ HTTP/1.1" 200 91
[22/Nov/2025 03:11:41] "GET /api/responses/ HTTP/1.1" 200 6262
[22/Nov/2025 03:11:41] "GET /api/responses/ HTTP/1.1" 200 6262
/home/ubuntu/ASC-Project-Entry-Exit-Dashboard/backend/surveys/models.py changed, reloading.
Performing system checks...

System check identified no issues (0 silenced).

You have 20 unapplied migration(s). Your project may not work properly until you apply the migrations for app(s): admin, auth, contenttypes, sessions, surveys.
Run 'python manage.py migrate' to apply them.
November 22, 2025 - 02:16:32
Django version 4.2.7, using settings 'asc_dashboard.settings'
Starting development server at http://0.0.0.0:8000/
Quit the server with CONTROL-C.

Watching for file changes with StatReloader
/home/ubuntu/ASC-Project-Entry-Exit-Dashboard/backend/surveys/models.py changed, reloading.
Performing system checks...

System check identified no issues (0 silenced).
November 22, 2025 - 03:18:20
Django version 4.2.7, using settings 'asc_dashboard.settings'
Starting development server at http://0.0.0.0:8000/
Quit the server with CONTROL-C.

Watching for file changes with StatReloader
/home/ubuntu/ASC-Project-Entry-Exit-Dashboard/backend/surveys/models.py changed, reloading.
Performing system checks...

System check identified no issues (0 silenced).
November 22, 2025 - 03:19:25
Django version 4.2.7, using settings 'asc_dashboard.settings'
Starting development server at http://0.0.0.0:8000/
Quit the server with CONTROL-C.

Watching for file changes with StatReloader
/home/ubuntu/ASC-Project-Entry-Exit-Dashboard/backend/surveys/models.py changed, reloading.
Performing system checks...

System check identified no issues (0 silenced).
November 22, 2025 - 03:19:29
Django version 4.2.7, using settings 'asc_dashboard.settings'
Starting development server at http://0.0.0.0:8000/
Quit the server with CONTROL-C.

Watching for file changes with StatReloader
/home/ubuntu/ASC-Project-Entry-Exit-Dashboard/backend/surveys/models.py changed, reloading.
Performing system checks...

System check identified no issues (0 silenced).
November 22, 2025 - 03:20:05
Django version 4.2.7, using settings 'asc_dashboard.settings'
Starting development server at http://0.0.0.0:8000/
Quit the server with CONTROL-C.

Watching for file changes with StatReloader
/home/ubuntu/ASC-Project-Entry-Exit-Dashboard/backend/surveys/models.py changed, reloading.
Performing system checks...

System check identified no issues (0 silenced).
November 22, 2025 - 03:20:10
Django version 4.2.7, using settings 'asc_dashboard.settings'
Starting development server at http://0.0.0.0:8000/
Quit the server with CONTROL-C.

Watching for file changes with StatReloader
/home/ubuntu/ASC-Project-Entry-Exit-Dashboard/backend/surveys/models.py changed, reloading.
Performing system checks...

System check identified no issues (0 silenced).
November 22, 2025 - 03:20:36
Django version 4.2.7, using settings 'asc_dashboard.settings'
Starting development server at http://0.0.0.0:8000/
Quit the server with CONTROL-C.

Watching for file changes with StatReloader
[22/Nov/2025 03:21:55] "GET /api/test/ HTTP/1.1" 200 91
[22/Nov/2025 03:21:55] "GET /api/test/ HTTP/1.1" 200 91
[22/Nov/2025 03:21:55] "GET /api/responses/ HTTP/1.1" 200 6262
[22/Nov/2025 03:21:55] "GET /api/responses/ HTTP/1.1" 200 6262
[22/Nov/2025 03:24:00] "GET /api/test/ HTTP/1.1" 200 91
[22/Nov/2025 03:24:00] "GET /api/test/ HTTP/1.1" 200 91
[22/Nov/2025 03:24:00] "GET /api/responses/ HTTP/1.1" 200 6262
[22/Nov/2025 03:24:00] "GET /api/responses/ HTTP/1.1" 200 6262
Not Found: /
[22/Nov/2025 03:24:30] "GET / HTTP/1.1" 404 2427
Not Found: /favicon.ico
[22/Nov/2025 03:24:30] "GET /favicon.ico HTTP/1.1" 404 2478
Not Found: /favicon.ico
[22/Nov/2025 03:24:30] "GET /favicon.ico HTTP/1.1" 404 2478
[22/Nov/2025 03:24:34] "GET /admin HTTP/1.1" 301 0
[22/Nov/2025 03:24:34] "GET /admin/ HTTP/1.1" 302 0
[22/Nov/2025 03:24:34] "GET /admin/login/?next=/admin/ HTTP/1.1" 200 4181
Not Found: /favicon.ico
[22/Nov/2025 03:24:35] "GET /favicon.ico HTTP/1.1" 404 2478
[22/Nov/2025 03:24:35] "GET /static/admin/css/base.css HTTP/1.1" 200 21207
[22/Nov/2025 03:24:35] "GET /static/admin/css/dark_mode.css HTTP/1.1" 200 2929
[22/Nov/2025 03:24:35] "GET /static/admin/css/nav_sidebar.css HTTP/1.1" 200 2694
[22/Nov/2025 03:24:35] "GET /static/admin/css/login.css HTTP/1.1" 200 958
[22/Nov/2025 03:24:35] "GET /static/admin/css/responsive.css HTTP/1.1" 200 18533
[22/Nov/2025 03:24:35] "GET /static/admin/js/theme.js HTTP/1.1" 200 1943
[22/Nov/2025 03:24:35] "GET /static/admin/js/nav_sidebar.js HTTP/1.1" 200 3063
[22/Nov/2025 03:24:42] "POST /admin/login/?next=/admin/ HTTP/1.1" 200 4342
Not Found: /favicon.ico
[22/Nov/2025 03:24:43] "GET /favicon.ico HTTP/1.1" 404 2478
[22/Nov/2025 03:24:54] "POST /admin/login/?next=/admin/ HTTP/1.1" 200 4343
Not Found: /favicon.ico
[22/Nov/2025 03:24:54] "GET /favicon.ico HTTP/1.1" 404 2478
Not Found: /
[22/Nov/2025 03:26:38] "GET / HTTP/1.1" 404 2427
Not Found: /favicon.ico
[22/Nov/2025 03:26:59] "GET /favicon.ico HTTP/1.1" 404 2478
Invalid HTTP_HOST header: 'api.ipify.org'. You may need to add 'api.ipify.org' to ALLOWED_HOSTS.
Traceback (most recent call last):
  File "/home/ubuntu/ASC-Project-Entry-Exit-Dashboard/.venv/lib/python3.12/site-packages/django/core/handlers/exception.py", line 55, in inner
    response = get_response(request)
               ^^^^^^^^^^^^^^^^^^^^^
  File "/home/ubuntu/ASC-Project-Entry-Exit-Dashboard/.venv/lib/python3.12/site-packages/django/utils/deprecation.py", line 133, in __call__
    response = self.process_request(request)
               ^^^^^^^^^^^^^^^^^^^^^^^^^^^^^
  File "/home/ubuntu/ASC-Project-Entry-Exit-Dashboard/.venv/lib/python3.12/site-packages/django/middleware/common.py", line 48, in process_request
    host = request.get_host()
           ^^^^^^^^^^^^^^^^^^
  File "/home/ubuntu/ASC-Project-Entry-Exit-Dashboard/.venv/lib/python3.12/site-packages/django/http/request.py", line 150, in get_host
    raise DisallowedHost(msg)
django.core.exceptions.DisallowedHost: Invalid HTTP_HOST header: 'api.ipify.org'. You may need to add 'api.ipify.org' to ALLOWED_HOSTS.
Bad Request: /http:/api.ipify.org/
[22/Nov/2025 03:27:02] "GET http://api.ipify.org/?format=json HTTP/1.1" 400 67103
Invalid HTTP_HOST header: 'www.shadowserver.org'. You may need to add 'www.shadowserver.org' to ALLOWED_HOSTS.
Traceback (most recent call last):
  File "/home/ubuntu/ASC-Project-Entry-Exit-Dashboard/.venv/lib/python3.12/site-packages/django/core/handlers/exception.py", line 55, in inner
    response = get_response(request)
               ^^^^^^^^^^^^^^^^^^^^^
  File "/home/ubuntu/ASC-Project-Entry-Exit-Dashboard/.venv/lib/python3.12/site-packages/django/utils/deprecation.py", line 133, in __call__
    response = self.process_request(request)
               ^^^^^^^^^^^^^^^^^^^^^^^^^^^^^
  File "/home/ubuntu/ASC-Project-Entry-Exit-Dashboard/.venv/lib/python3.12/site-packages/django/middleware/common.py", line 48, in process_request
    host = request.get_host()
           ^^^^^^^^^^^^^^^^^^
  File "/home/ubuntu/ASC-Project-Entry-Exit-Dashboard/.venv/lib/python3.12/site-packages/django/http/request.py", line 150, in get_host
    raise DisallowedHost(msg)
django.core.exceptions.DisallowedHost: Invalid HTTP_HOST header: 'www.shadowserver.org'. You may need to add 'www.shadowserver.org' to ALLOWED_HOSTS.
Bad Request: /www.shadowserver.org:443
[22/Nov/2025 03:27:09] "CONNECT www.shadowserver.org:443 HTTP/1.1" 400 67306
[22/Nov/2025 03:27:16] "POST /admin/login/?next=/admin/ HTTP/1.1" 302 0
[22/Nov/2025 03:27:16] "GET /admin/ HTTP/1.1" 200 6706
[22/Nov/2025 03:27:16] "GET /static/admin/css/dashboard.css HTTP/1.1" 200 441
Not Found: /favicon.ico
[22/Nov/2025 03:27:16] "GET /favicon.ico HTTP/1.1" 404 2478
[22/Nov/2025 03:27:17] "GET /static/admin/img/icon-addlink.svg HTTP/1.1" 200 331
[22/Nov/2025 03:27:17] "GET /static/admin/img/icon-changelink.svg HTTP/1.1" 200 380
[22/Nov/2025 03:27:20] "GET /admin/surveys/surveyresponse/ HTTP/1.1" 200 17606
Not Found: /favicon.ico
[22/Nov/2025 03:27:20] "GET /favicon.ico HTTP/1.1" 404 2478
[22/Nov/2025 03:27:20] "GET /static/admin/css/changelists.css HTTP/1.1" 200 6566
[22/Nov/2025 03:27:20] "GET /admin/jsi18n/ HTTP/1.1" 200 3343
[22/Nov/2025 03:27:20] "GET /static/admin/js/jquery.init.js HTTP/1.1" 200 347
[22/Nov/2025 03:27:20] "GET /static/admin/js/admin/RelatedObjectLookups.js HTTP/1.1" 200 8943
[22/Nov/2025 03:27:20] "GET /static/admin/js/core.js HTTP/1.1" 200 5682
[22/Nov/2025 03:27:20] "GET /static/admin/js/actions.js HTTP/1.1" 200 7872
[22/Nov/2025 03:27:20] "GET /static/admin/js/urlify.js HTTP/1.1" 200 7887
[22/Nov/2025 03:27:20] "GET /static/admin/js/vendor/jquery/jquery.js HTTP/1.1" 200 292458
[22/Nov/2025 03:27:20] "GET /static/admin/js/prepopulate.js HTTP/1.1" 200 1531
[22/Nov/2025 03:27:20] "GET /static/admin/img/search.svg HTTP/1.1" 200 458
[22/Nov/2025 03:27:20] "GET /static/admin/img/icon-yes.svg HTTP/1.1" 200 436
[22/Nov/2025 03:27:20] "GET /static/admin/js/vendor/xregexp/xregexp.js HTTP/1.1" 200 232381
[22/Nov/2025 03:27:20] "GET /static/admin/js/filters.js HTTP/1.1" 200 978
[22/Nov/2025 03:27:20] "GET /static/admin/img/tooltag-add.svg HTTP/1.1" 200 331
[22/Nov/2025 03:27:20] "GET /static/admin/img/sorting-icons.svg HTTP/1.1" 200 1097
[22/Nov/2025 03:27:34] "GET /admin/password_change/ HTTP/1.1" 200 7625
Not Found: /favicon.ico
[22/Nov/2025 03:27:34] "GET /favicon.ico HTTP/1.1" 404 2478
[22/Nov/2025 03:27:34] "GET /static/admin/css/forms.css HTTP/1.1" 200 9047
[22/Nov/2025 03:27:34] "GET /static/admin/css/widgets.css HTTP/1.1" 200 11900
[22/Nov/2025 03:28:07] "POST /admin/password_change/ HTTP/1.1" 302 0
[22/Nov/2025 03:28:07] "GET /admin/password_change/done/ HTTP/1.1" 200 6026
Not Found: /favicon.ico
[22/Nov/2025 03:28:07] "GET /favicon.ico HTTP/1.1" 404 2478
[22/Nov/2025 03:28:10] "GET /admin/surveys/surveyresponse/ HTTP/1.1" 200 17606
Not Found: /favicon.ico
[22/Nov/2025 03:28:10] "GET /favicon.ico HTTP/1.1" 404 2478
[22/Nov/2025 03:28:10] "GET /admin/jsi18n/ HTTP/1.1" 200 3343
[22/Nov/2025 03:29:56] "GET /admin/surveys/surveyresponse/ HTTP/1.1" 200 17606
[22/Nov/2025 03:29:56] "GET /admin/jsi18n/ HTTP/1.1" 200 3343
Not Found: /favicon.ico
[22/Nov/2025 03:29:56] "GET /favicon.ico HTTP/1.1" 404 2478
[22/Nov/2025 03:30:01] "GET /admin/surveys/surveyresponse/ HTTP/1.1" 200 17606
Not Found: /favicon.ico
[22/Nov/2025 03:30:01] "GET /favicon.ico HTTP/1.1" 404 2478
[22/Nov/2025 03:30:01] "GET /admin/jsi18n/ HTTP/1.1" 200 3343
[22/Nov/2025 03:31:04] "POST /api/webhook/qualtrics/ HTTP/1.1" 201 132
/home/ubuntu/ASC-Project-Entry-Exit-Dashboard/backend/surveys/views.py changed, reloading.
Performing system checks...

System check identified no issues (0 silenced).
November 22, 2025 - 03:21:38
Django version 4.2.7, using settings 'asc_dashboard.settings'
Starting development server at http://0.0.0.0:8000/
Quit the server with CONTROL-C.

=== WEBHOOK DEBUG ===
Received webhook data: {'Q1.1': 'Ending', 'Q3.1': 'test123', 'ResponseID': 'TEST_WEBHOOK_123'}
Data type: <class 'dict'>
Data keys: ['Q1.1', 'Q3.1', 'ResponseID']
Request content type: application/json
Request method: POST
Final processed data: {'Q1.1': 'Ending', 'Q3.1': 'test123', 'ResponseID': 'TEST_WEBHOOK_123'}
=== END WEBHOOK DEBUG ===
Watching for file changes with StatReloader
[22/Nov/2025 03:31:26] "POST /api/webhook/qualtrics/ HTTP/1.1" 201 139
/home/ubuntu/ASC-Project-Entry-Exit-Dashboard/backend/surveys/views.py changed, reloading.
Performing system checks...

System check identified no issues (0 silenced).
November 22, 2025 - 03:31:22
Django version 4.2.7, using settings 'asc_dashboard.settings'
Starting development server at http://0.0.0.0:8000/
Quit the server with CONTROL-C.

=== WEBHOOK DEBUG ===
Received webhook data: {'Q1.1': 'Ending Project', 'Q3.1': 'test789', 'ResponseID': 'TEST_ENDING_PROJECT_123'}
Data type: <class 'dict'>
Data keys: ['Q1.1', 'Q3.1', 'ResponseID']
Request content type: application/json
Request method: POST
Final processed data: {'Q1.1': 'Ending Project', 'Q3.1': 'test789', 'ResponseID': 'TEST_ENDING_PROJECT_123'}
=== END WEBHOOK DEBUG ===
DEBUG: Q1.1 value received: 'Ending Project'
DEBUG: Mapped survey_type: 2
Watching for file changes with StatReloader
/home/ubuntu/ASC-Project-Entry-Exit-Dashboard/backend/surveys/views.py changed, reloading.
Performing system checks...

System check identified no issues (0 silenced).
November 22, 2025 - 03:31:38
Django version 4.2.7, using settings 'asc_dashboard.settings'
Starting development server at http://0.0.0.0:8000/
Quit the server with CONTROL-C.

Watching for file changes with StatReloader
/home/ubuntu/ASC-Project-Entry-Exit-Dashboard/backend/surveys/views.py changed, reloading.
Performing system checks...

System check identified no issues (0 silenced).
November 22, 2025 - 03:31:41
Django version 4.2.7, using settings 'asc_dashboard.settings'
Starting development server at http://0.0.0.0:8000/
Quit the server with CONTROL-C.

Watching for file changes with StatReloader
[22/Nov/2025 03:34:55] "GET /api/test/ HTTP/1.1" 200 91
[22/Nov/2025 03:34:55] "GET /api/test/ HTTP/1.1" 200 91
[22/Nov/2025 03:34:55] "GET /api/responses/ HTTP/1.1" 200 7437
[22/Nov/2025 03:34:55] "GET /api/responses/ HTTP/1.1" 200 7437
[22/Nov/2025 03:47:05] "GET /admin/surveys/surveyresponse/ HTTP/1.1" 200 18708
[22/Nov/2025 03:47:05] "GET /admin/jsi18n/ HTTP/1.1" 200 3343
Not Found: /favicon.ico
[22/Nov/2025 03:47:05] "GET /favicon.ico HTTP/1.1" 404 2478
[22/Nov/2025 03:47:17] "POST /admin/surveys/surveyresponse/ HTTP/1.1" 200 8162
Not Found: /favicon.ico
[22/Nov/2025 03:47:17] "GET /favicon.ico HTTP/1.1" 404 2478
[22/Nov/2025 03:47:17] "GET /static/admin/js/cancel.js HTTP/1.1" 200 884
[22/Nov/2025 03:47:18] "POST /admin/surveys/surveyresponse/ HTTP/1.1" 302 0
[22/Nov/2025 03:47:19] "GET /admin/surveys/surveyresponse/ HTTP/1.1" 200 17752
Not Found: /favicon.ico
[22/Nov/2025 03:47:19] "GET /favicon.ico HTTP/1.1" 404 2478
[22/Nov/2025 03:47:19] "GET /admin/jsi18n/ HTTP/1.1" 200 3343
/home/ubuntu/ASC-Project-Entry-Exit-Dashboard/backend/surveys/views.py changed, reloading.
Performing system checks...

System check identified no issues (0 silenced).
November 22, 2025 - 03:34:51
Django version 4.2.7, using settings 'asc_dashboard.settings'
Starting development server at http://0.0.0.0:8000/
Quit the server with CONTROL-C.

Watching for file changes with StatReloader
/home/ubuntu/ASC-Project-Entry-Exit-Dashboard/backend/surveys/views.py changed, reloading.
Performing system checks...

System check identified no issues (0 silenced).
November 22, 2025 - 03:50:15
Django version 4.2.7, using settings 'asc_dashboard.settings'
Starting development server at http://0.0.0.0:8000/
Quit the server with CONTROL-C.

Watching for file changes with StatReloader
/home/ubuntu/ASC-Project-Entry-Exit-Dashboard/backend/surveys/views.py changed, reloading.
Performing system checks...

System check identified no issues (0 silenced).
November 22, 2025 - 03:50:18
Django version 4.2.7, using settings 'asc_dashboard.settings'
Starting development server at http://0.0.0.0:8000/
Quit the server with CONTROL-C.

Watching for file changes with StatReloader
/home/ubuntu/ASC-Project-Entry-Exit-Dashboard/backend/surveys/views.py changed, reloading.
Performing system checks...

System check identified no issues (0 silenced).
November 22, 2025 - 03:50:21
Django version 4.2.7, using settings 'asc_dashboard.settings'
Starting development server at http://0.0.0.0:8000/
Quit the server with CONTROL-C.

Watching for file changes with StatReloader
/home/ubuntu/ASC-Project-Entry-Exit-Dashboard/backend/surveys/views.py changed, reloading.
Performing system checks...

System check identified no issues (0 silenced).
November 22, 2025 - 03:50:26
Django version 4.2.7, using settings 'asc_dashboard.settings'
Starting development server at http://0.0.0.0:8000/
Quit the server with CONTROL-C.

Watching for file changes with StatReloader
/home/ubuntu/ASC-Project-Entry-Exit-Dashboard/backend/surveys/views.py changed, reloading.
Performing system checks...

System check identified no issues (0 silenced).
November 22, 2025 - 03:50:37
Django version 4.2.7, using settings 'asc_dashboard.settings'
Starting development server at http://0.0.0.0:8000/
Quit the server with CONTROL-C.

Watching for file changes with StatReloader
Exception in thread django-main-thread:
Traceback (most recent call last):
  File "/usr/lib/python3.12/threading.py", line 1073, in _bootstrap_inner
    self.run()
  File "/usr/lib/python3.12/threading.py", line 1010, in run
    self._target(*self._args, **self._kwargs)
  File "/home/ubuntu/ASC-Project-Entry-Exit-Dashboard/.venv/lib/python3.12/site-packages/django/utils/autoreload.py", line 64, in wrapper
    fn(*args, **kwargs)
  File "/home/ubuntu/ASC-Project-Entry-Exit-Dashboard/.venv/lib/python3.12/site-packages/django/core/management/commands/runserver.py", line 133, in inner_run
    self.check(display_num_errors=True)
  File "/home/ubuntu/ASC-Project-Entry-Exit-Dashboard/.venv/lib/python3.12/site-packages/django/core/management/base.py", line 485, in check
    all_issues = checks.run_checks(
                 ^^^^^^^^^^^^^^^^^^
  File "/home/ubuntu/ASC-Project-Entry-Exit-Dashboard/.venv/lib/python3.12/site-packages/django/core/checks/registry.py", line 88, in run_checks
    new_errors = check(app_configs=app_configs, databases=databases)
                 ^^^^^^^^^^^^^^^^^^^^^^^^^^^^^^^^^^^^^^^^^^^^^^^^^^^
  File "/home/ubuntu/ASC-Project-Entry-Exit-Dashboard/.venv/lib/python3.12/site-packages/django/core/checks/urls.py", line 42, in check_url_namespaces_unique
    all_namespaces = _load_all_namespaces(resolver)
                     ^^^^^^^^^^^^^^^^^^^^^^^^^^^^^^
  File "/home/ubuntu/ASC-Project-Entry-Exit-Dashboard/.venv/lib/python3.12/site-packages/django/core/checks/urls.py", line 61, in _load_all_namespaces
    url_patterns = getattr(resolver, "url_patterns", [])
                   ^^^^^^^^^^^^^^^^^^^^^^^^^^^^^^^^^^^^^
  File "/home/ubuntu/ASC-Project-Entry-Exit-Dashboard/.venv/lib/python3.12/site-packages/django/utils/functional.py", line 57, in __get__
    res = instance.__dict__[self.name] = self.func(instance)
                                         ^^^^^^^^^^^^^^^^^^^
  File "/home/ubuntu/ASC-Project-Entry-Exit-Dashboard/.venv/lib/python3.12/site-packages/django/urls/resolvers.py", line 715, in url_patterns
    patterns = getattr(self.urlconf_module, "urlpatterns", self.urlconf_module)
                       ^^^^^^^^^^^^^^^^^^^
  File "/home/ubuntu/ASC-Project-Entry-Exit-Dashboard/.venv/lib/python3.12/site-packages/django/utils/functional.py", line 57, in __get__
    res = instance.__dict__[self.name] = self.func(instance)
                                         ^^^^^^^^^^^^^^^^^^^
  File "/home/ubuntu/ASC-Project-Entry-Exit-Dashboard/.venv/lib/python3.12/site-packages/django/urls/resolvers.py", line 708, in urlconf_module
    return import_module(self.urlconf_name)
           ^^^^^^^^^^^^^^^^^^^^^^^^^^^^^^^^
  File "/usr/lib/python3.12/importlib/__init__.py", line 90, in import_module
    return _bootstrap._gcd_import(name[level:], package, level)
           ^^^^^^^^^^^^^^^^^^^^^^^^^^^^^^^^^^^^^^^^^^^^^^^^^^^^
  File "<frozen importlib._bootstrap>", line 1387, in _gcd_import
  File "<frozen importlib._bootstrap>", line 1360, in _find_and_load
  File "<frozen importlib._bootstrap>", line 1331, in _find_and_load_unlocked
  File "<frozen importlib._bootstrap>", line 935, in _load_unlocked
  File "<frozen importlib._bootstrap_external>", line 995, in exec_module
  File "<frozen importlib._bootstrap>", line 488, in _call_with_frames_removed
  File "/home/ubuntu/ASC-Project-Entry-Exit-Dashboard/backend/asc_dashboard/urls.py", line 11, in <module>
    path('api/', include('surveys.urls')),
                 ^^^^^^^^^^^^^^^^^^^^^^^
  File "/home/ubuntu/ASC-Project-Entry-Exit-Dashboard/.venv/lib/python3.12/site-packages/django/urls/conf.py", line 38, in include
    urlconf_module = import_module(urlconf_module)
                     ^^^^^^^^^^^^^^^^^^^^^^^^^^^^^
  File "/usr/lib/python3.12/importlib/__init__.py", line 90, in import_module
    return _bootstrap._gcd_import(name[level:], package, level)
           ^^^^^^^^^^^^^^^^^^^^^^^^^^^^^^^^^^^^^^^^^^^^^^^^^^^^
  File "<frozen importlib._bootstrap>", line 1387, in _gcd_import
  File "<frozen importlib._bootstrap>", line 1360, in _find_and_load
  File "<frozen importlib._bootstrap>", line 1331, in _find_and_load_unlocked
  File "<frozen importlib._bootstrap>", line 935, in _load_unlocked
  File "<frozen importlib._bootstrap_external>", line 995, in exec_module
  File "<frozen importlib._bootstrap>", line 488, in _call_with_frames_removed
  File "/home/ubuntu/ASC-Project-Entry-Exit-Dashboard/backend/surveys/urls.py", line 2, in <module>
    from . import views
  File "/home/ubuntu/ASC-Project-Entry-Exit-Dashboard/backend/surveys/views.py", line 531
    topic_number = safe_int(data.get('Q3.8'))
               ^
SyntaxError: ':' expected after dictionary key
/home/ubuntu/ASC-Project-Entry-Exit-Dashboard/backend/surveys/views.py changed, reloading.
Performing system checks...

Watching for file changes with StatReloader
/home/ubuntu/ASC-Project-Entry-Exit-Dashboard/backend/surveys/views.py changed, reloading.
Performing system checks...

System check identified no issues (0 silenced).
November 22, 2025 - 03:50:55
Django version 4.2.7, using settings 'asc_dashboard.settings'
Starting development server at http://0.0.0.0:8000/
Quit the server with CONTROL-C.

Watching for file changes with StatReloader
Exception in thread django-main-thread:
Traceback (most recent call last):
  File "/usr/lib/python3.12/threading.py", line 1073, in _bootstrap_inner
    self.run()
  File "/usr/lib/python3.12/threading.py", line 1010, in run
    self._target(*self._args, **self._kwargs)
  File "/home/ubuntu/ASC-Project-Entry-Exit-Dashboard/.venv/lib/python3.12/site-packages/django/utils/autoreload.py", line 64, in wrapper
    fn(*args, **kwargs)
  File "/home/ubuntu/ASC-Project-Entry-Exit-Dashboard/.venv/lib/python3.12/site-packages/django/core/management/commands/runserver.py", line 133, in inner_run
    self.check(display_num_errors=True)
  File "/home/ubuntu/ASC-Project-Entry-Exit-Dashboard/.venv/lib/python3.12/site-packages/django/core/management/base.py", line 485, in check
    all_issues = checks.run_checks(
                 ^^^^^^^^^^^^^^^^^^
  File "/home/ubuntu/ASC-Project-Entry-Exit-Dashboard/.venv/lib/python3.12/site-packages/django/core/checks/registry.py", line 88, in run_checks
    new_errors = check(app_configs=app_configs, databases=databases)
                 ^^^^^^^^^^^^^^^^^^^^^^^^^^^^^^^^^^^^^^^^^^^^^^^^^^^
  File "/home/ubuntu/ASC-Project-Entry-Exit-Dashboard/.venv/lib/python3.12/site-packages/django/core/checks/urls.py", line 42, in check_url_namespaces_unique
    all_namespaces = _load_all_namespaces(resolver)
                     ^^^^^^^^^^^^^^^^^^^^^^^^^^^^^^
  File "/home/ubuntu/ASC-Project-Entry-Exit-Dashboard/.venv/lib/python3.12/site-packages/django/core/checks/urls.py", line 61, in _load_all_namespaces
    url_patterns = getattr(resolver, "url_patterns", [])
                   ^^^^^^^^^^^^^^^^^^^^^^^^^^^^^^^^^^^^^
  File "/home/ubuntu/ASC-Project-Entry-Exit-Dashboard/.venv/lib/python3.12/site-packages/django/utils/functional.py", line 57, in __get__
    res = instance.__dict__[self.name] = self.func(instance)
                                         ^^^^^^^^^^^^^^^^^^^
  File "/home/ubuntu/ASC-Project-Entry-Exit-Dashboard/.venv/lib/python3.12/site-packages/django/urls/resolvers.py", line 715, in url_patterns
    patterns = getattr(self.urlconf_module, "urlpatterns", self.urlconf_module)
                       ^^^^^^^^^^^^^^^^^^^
  File "/home/ubuntu/ASC-Project-Entry-Exit-Dashboard/.venv/lib/python3.12/site-packages/django/utils/functional.py", line 57, in __get__
    res = instance.__dict__[self.name] = self.func(instance)
                                         ^^^^^^^^^^^^^^^^^^^
  File "/home/ubuntu/ASC-Project-Entry-Exit-Dashboard/.venv/lib/python3.12/site-packages/django/urls/resolvers.py", line 708, in urlconf_module
    return import_module(self.urlconf_name)
           ^^^^^^^^^^^^^^^^^^^^^^^^^^^^^^^^
  File "/usr/lib/python3.12/importlib/__init__.py", line 90, in import_module
    return _bootstrap._gcd_import(name[level:], package, level)
           ^^^^^^^^^^^^^^^^^^^^^^^^^^^^^^^^^^^^^^^^^^^^^^^^^^^^
  File "<frozen importlib._bootstrap>", line 1387, in _gcd_import
  File "<frozen importlib._bootstrap>", line 1360, in _find_and_load
  File "<frozen importlib._bootstrap>", line 1331, in _find_and_load_unlocked
  File "<frozen importlib._bootstrap>", line 935, in _load_unlocked
  File "<frozen importlib._bootstrap_external>", line 995, in exec_module
  File "<frozen importlib._bootstrap>", line 488, in _call_with_frames_removed
  File "/home/ubuntu/ASC-Project-Entry-Exit-Dashboard/backend/asc_dashboard/urls.py", line 11, in <module>
    path('api/', include('surveys.urls')),
                 ^^^^^^^^^^^^^^^^^^^^^^^
  File "/home/ubuntu/ASC-Project-Entry-Exit-Dashboard/.venv/lib/python3.12/site-packages/django/urls/conf.py", line 38, in include
    urlconf_module = import_module(urlconf_module)
                     ^^^^^^^^^^^^^^^^^^^^^^^^^^^^^
  File "/usr/lib/python3.12/importlib/__init__.py", line 90, in import_module
    return _bootstrap._gcd_import(name[level:], package, level)
           ^^^^^^^^^^^^^^^^^^^^^^^^^^^^^^^^^^^^^^^^^^^^^^^^^^^^
  File "<frozen importlib._bootstrap>", line 1387, in _gcd_import
  File "<frozen importlib._bootstrap>", line 1360, in _find_and_load
  File "<frozen importlib._bootstrap>", line 1331, in _find_and_load_unlocked
  File "<frozen importlib._bootstrap>", line 935, in _load_unlocked
  File "<frozen importlib._bootstrap_external>", line 995, in exec_module
  File "<frozen importlib._bootstrap>", line 488, in _call_with_frames_removed
  File "/home/ubuntu/ASC-Project-Entry-Exit-Dashboard/backend/surveys/urls.py", line 2, in <module>
    from . import views
  File "/home/ubuntu/ASC-Project-Entry-Exit-Dashboard/backend/surveys/views.py", line 530
    topic_number = safe_int(data.get('Q3.8'))
               ^
SyntaxError: ':' expected after dictionary key
/home/ubuntu/ASC-Project-Entry-Exit-Dashboard/backend/surveys/views.py changed, reloading.
Performing system checks...

Watching for file changes with StatReloader
/home/ubuntu/ASC-Project-Entry-Exit-Dashboard/backend/surveys/views.py changed, reloading.
Performing system checks...

System check identified no issues (0 silenced).
November 22, 2025 - 03:51:30
Django version 4.2.7, using settings 'asc_dashboard.settings'
Starting development server at http://0.0.0.0:8000/
Quit the server with CONTROL-C.

Watching for file changes with StatReloader
/home/ubuntu/ASC-Project-Entry-Exit-Dashboard/backend/surveys/views.py changed, reloading.
Performing system checks...

System check identified no issues (0 silenced).
November 22, 2025 - 03:51:44
Django version 4.2.7, using settings 'asc_dashboard.settings'
Starting development server at http://0.0.0.0:8000/
Quit the server with CONTROL-C.

Watching for file changes with StatReloader
[22/Nov/2025 03:55:49] "GET /api/test/ HTTP/1.1" 200 91
[22/Nov/2025 03:55:49] "GET /api/test/ HTTP/1.1" 200 91
[22/Nov/2025 03:55:49] "GET /api/responses/ HTTP/1.1" 200 6262
[22/Nov/2025 03:55:49] "GET /api/responses/ HTTP/1.1" 200 6262
/home/ubuntu/ASC-Project-Entry-Exit-Dashboard/backend/surveys/views.py changed, reloading.
Performing system checks...

System check identified no issues (0 silenced).
November 22, 2025 - 03:55:48
Django version 4.2.7, using settings 'asc_dashboard.settings'
Starting development server at http://0.0.0.0:8000/
Quit the server with CONTROL-C.

Watching for file changes with StatReloader
/home/ubuntu/ASC-Project-Entry-Exit-Dashboard/backend/surveys/views.py changed, reloading.
Performing system checks...

System check identified no issues (0 silenced).
November 22, 2025 - 03:57:18
Django version 4.2.7, using settings 'asc_dashboard.settings'
Starting development server at http://0.0.0.0:8000/
Quit the server with CONTROL-C.

Watching for file changes with StatReloader
/home/ubuntu/ASC-Project-Entry-Exit-Dashboard/backend/surveys/views.py changed, reloading.
Performing system checks...

System check identified no issues (0 silenced).
November 22, 2025 - 03:57:22
Django version 4.2.7, using settings 'asc_dashboard.settings'
Starting development server at http://0.0.0.0:8000/
Quit the server with CONTROL-C.

Watching for file changes with StatReloader
/home/ubuntu/ASC-Project-Entry-Exit-Dashboard/backend/surveys/views.py changed, reloading.
Performing system checks...

System check identified no issues (0 silenced).
November 22, 2025 - 03:57:27
Django version 4.2.7, using settings 'asc_dashboard.settings'
Starting development server at http://0.0.0.0:8000/
Quit the server with CONTROL-C.

Watching for file changes with StatReloader
/home/ubuntu/ASC-Project-Entry-Exit-Dashboard/backend/surveys/views.py changed, reloading.
Performing system checks...

System check identified no issues (0 silenced).
November 22, 2025 - 03:57:39
Django version 4.2.7, using settings 'asc_dashboard.settings'
Starting development server at http://0.0.0.0:8000/
Quit the server with CONTROL-C.

Watching for file changes with StatReloader
/home/ubuntu/ASC-Project-Entry-Exit-Dashboard/backend/surveys/views.py changed, reloading.
Performing system checks...

System check identified no issues (0 silenced).
November 22, 2025 - 03:57:45
Django version 4.2.7, using settings 'asc_dashboard.settings'
Starting development server at http://0.0.0.0:8000/
Quit the server with CONTROL-C.

Watching for file changes with StatReloader
/home/ubuntu/ASC-Project-Entry-Exit-Dashboard/backend/surveys/views.py changed, reloading.
Performing system checks...

System check identified no issues (0 silenced).
November 22, 2025 - 03:57:58
Django version 4.2.7, using settings 'asc_dashboard.settings'
Starting development server at http://0.0.0.0:8000/
Quit the server with CONTROL-C.

Watching for file changes with StatReloader
/home/ubuntu/ASC-Project-Entry-Exit-Dashboard/backend/surveys/views.py changed, reloading.
Performing system checks...

System check identified no issues (0 silenced).
November 22, 2025 - 03:58:07
Django version 4.2.7, using settings 'asc_dashboard.settings'
Starting development server at http://0.0.0.0:8000/
Quit the server with CONTROL-C.

Watching for file changes with StatReloader
Not Found: /favicon.ico
[22/Nov/2025 04:28:14] "GET /favicon.ico HTTP/1.1" 404 2474
Not Found: /.env
[22/Nov/2025 04:34:42] "GET /.env HTTP/1.1" 404 2453
Not Found: /
[22/Nov/2025 04:34:43] "POST / HTTP/1.1" 404 2424
[22/Nov/2025 06:17:13] code 400, message Bad request version ('\x12aQ¤\x90l©\x13â')
[22/Nov/2025 06:17:13] You're accessing the development server over HTTPS, but it only supports HTTP.
[22/Nov/2025 06:17:31] code 400, message Bad request version ('À\x14À')
[22/Nov/2025 06:17:31] You're accessing the development server over HTTPS, but it only supports HTTP.
Not Found: /.env
[22/Nov/2025 07:17:08] "GET /.env HTTP/1.1" 404 2453
Not Found: /
[22/Nov/2025 07:17:09] "POST / HTTP/1.1" 404 2424
Not Found: /.env
[22/Nov/2025 08:40:13] "GET /.env HTTP/1.1" 404 2453
Not Found: /
[22/Nov/2025 08:40:14] "POST / HTTP/1.1" 404 2424
[22/Nov/2025 09:05:20] "GET /admin/config.php HTTP/1.1" 302 0
[22/Nov/2025 09:19:13] code 400, message Bad HTTP/0.9 request type ('\x00\x00\x00')
[22/Nov/2025 09:19:13] "    c                           " 400 -
[22/Nov/2025 09:19:16] code 400, message Bad request syntax ('\xa0\x00\x00`\x00\x00\x00\x00admin\x00\x00\x00admin\x00\x00\x00\x04\x01\x00\x00\x00\x00¡ª')
[22/Nov/2025 09:19:16] "   `    admin   admin       ¡ª" 400 -
[22/Nov/2025 10:00:13] code 400, message Bad request version ('À\x14À')
[22/Nov/2025 10:00:13] You're accessing the development server over HTTPS, but it only supports HTTP.
Not Found: /webui/
[22/Nov/2025 11:37:11] "GET /webui/ HTTP/1.1" 404 2459
Not Found: /.env
[22/Nov/2025 11:37:14] "GET /.env HTTP/1.1" 404 2453
Not Found: /
[22/Nov/2025 11:37:14] "POST / HTTP/1.1" 404 2424
Not Found: /favicon.ico
[22/Nov/2025 11:39:08] "GET /favicon.ico HTTP/1.1" 404 2474
Not Found: /geoserver/web/
[22/Nov/2025 11:39:35] "GET /geoserver/web/ HTTP/1.1" 404 2483
Not Found: /developmentserver/metadatauploader
[22/Nov/2025 12:11:37] "GET /developmentserver/metadatauploader HTTP/1.1" 404 2543
Not Found: /pdown
[22/Nov/2025 13:15:59] "GET /pdown HTTP/1.1" 404 2456
Not Found: /.env
[22/Nov/2025 13:19:30] "GET /.env HTTP/1.1" 404 2453
Not Found: /
[22/Nov/2025 13:19:30] "POST / HTTP/1.1" 404 2424
[22/Nov/2025 14:03:47] code 400, message Bad request version ('À\x14À')
[22/Nov/2025 14:03:47] You're accessing the development server over HTTPS, but it only supports HTTP.
Not Found: /
[22/Nov/2025 14:03:51] "GET / HTTP/1.1" 404 2427
[22/Nov/2025 14:03:51] code 505, message Invalid HTTP version (2.0)
[22/Nov/2025 14:03:51] "PRI * HTTP/2.0" 505 -
[22/Nov/2025 14:04:04] code 400, message Bad request syntax ('\x16\x03\x01\x00î\x01\x00\x00ê\x03\x03¬ã\x0e\x86w\x8fJñDã°\x97\x9b¾Üõ\x0fC')
[22/Nov/2025 14:04:04] You're accessing the development server over HTTPS, but it only supports HTTP.
Not Found: /wiki
[22/Nov/2025 14:04:05] "GET /wiki HTTP/1.1" 404 2457
[22/Nov/2025 16:04:08] code 400, message Bad HTTP/0.9 request type ('\x16\x03\x01\x00{\x01\x00\x00w\x03\x03\x16\x90rÉ«^b\x11R$ñb\x99á\x91\x05¤òª\x04³LÚ\x94\x9c}òÜìÀ\x0e\x11\x00\x00\x1aÀ/À+À\x11À\x07À\x13À')
[22/Nov/2025 16:04:08] You're accessing the development server over HTTPS, but it only supports HTTP.
[22/Nov/2025 16:04:08] code 400, message Bad request syntax ('MGLNDD_18.144.20.248_8000')
[22/Nov/2025 16:04:08] "MGLNDD_18.144.20.248_8000" 400 -
[22/Nov/2025 16:16:13] code 400, message Bad request syntax ('MGLNDD_18.144.20.248_8000')
[22/Nov/2025 16:16:13] "MGLNDD_18.144.20.248_8000" 400 -
Not Found: /.env
[22/Nov/2025 16:55:49] "GET /.env HTTP/1.1" 404 2453
Not Found: /
[22/Nov/2025 16:55:49] "POST / HTTP/1.1" 404 2424
Not Found: /aaa9
[22/Nov/2025 17:41:08] "GET /aaa9 HTTP/1.1" 404 2457
Not Found: /aab8
[22/Nov/2025 17:41:10] "GET /aab8 HTTP/1.1" 404 2457
Not Found: /
[22/Nov/2025 17:41:11] "GET / HTTP/1.1" 404 2427
Not Found: /hudson
[22/Nov/2025 17:51:35] "GET /hudson HTTP/1.1" 404 2459
Not Found: /portal/redlion
[22/Nov/2025 17:53:47] "GET /portal/redlion HTTP/1.1" 404 2483
Not Found: /manager/text/list
[22/Nov/2025 19:01:44] "GET /manager/text/list HTTP/1.1" 404 2492
Not Found: /.env
[22/Nov/2025 19:20:38] "GET /.env HTTP/1.1" 404 2453
Not Found: /
[22/Nov/2025 19:20:38] "POST / HTTP/1.1" 404 2424
Not Found: /.env
[22/Nov/2025 20:08:51] "GET /.env HTTP/1.1" 404 2453
Not Found: /
[22/Nov/2025 20:08:52] "POST / HTTP/1.1" 404 2424
Not Found: /favicon.ico
[22/Nov/2025 21:03:16] "GET /favicon.ico HTTP/1.1" 404 2474
/home/ubuntu/ASC-Project-Entry-Exit-Dashboard/backend/surveys/views.py changed, reloading.
Performing system checks...

System check identified no issues (0 silenced).
November 22, 2025 - 03:58:36
Django version 4.2.7, using settings 'asc_dashboard.settings'
Starting development server at http://0.0.0.0:8000/
Quit the server with CONTROL-C.

Watching for file changes with StatReloader
Not Found: /
[22/Nov/2025 23:13:10] "GET / HTTP/1.1" 404 2427
/home/ubuntu/ASC-Project-Entry-Exit-Dashboard/backend/surveys/views.py changed, reloading.
Performing system checks...

System check identified no issues (0 silenced).
November 22, 2025 - 23:01:12
Django version 4.2.7, using settings 'asc_dashboard.settings'
Starting development server at http://0.0.0.0:8000/
Quit the server with CONTROL-C.

Watching for file changes with StatReloader
[22/Nov/2025 23:24:14] "GET /api/test/ HTTP/1.1" 200 91
[22/Nov/2025 23:24:14] "GET /api/test/ HTTP/1.1" 200 91
[22/Nov/2025 23:24:14] "GET /api/responses/ HTTP/1.1" 200 6262
[22/Nov/2025 23:24:14] "GET /api/responses/ HTTP/1.1" 200 6262
[22/Nov/2025 23:24:16] "GET /api/test/ HTTP/1.1" 200 91
[22/Nov/2025 23:24:16] "GET /api/test/ HTTP/1.1" 200 91
[22/Nov/2025 23:24:16] "GET /api/responses/ HTTP/1.1" 200 6262
[22/Nov/2025 23:24:17] "GET /api/responses/ HTTP/1.1" 200 6262
[22/Nov/2025 23:26:16] "GET /admin HTTP/1.1" 301 0
[22/Nov/2025 23:26:16] "GET /admin/ HTTP/1.1" 302 0
[22/Nov/2025 23:26:16] "GET /admin/login/?next=/admin/ HTTP/1.1" 200 4181
[22/Nov/2025 23:26:16] "GET /static/admin/css/base.css HTTP/1.1" 200 21207
[22/Nov/2025 23:26:16] "GET /static/admin/css/dark_mode.css HTTP/1.1" 200 2929
[22/Nov/2025 23:26:16] "GET /static/admin/js/theme.js HTTP/1.1" 200 1943
[22/Nov/2025 23:26:16] "GET /static/admin/css/login.css HTTP/1.1" 200 958
[22/Nov/2025 23:26:16] "GET /static/admin/css/nav_sidebar.css HTTP/1.1" 200 2694
[22/Nov/2025 23:26:16] "GET /static/admin/css/responsive.css HTTP/1.1" 200 18533
[22/Nov/2025 23:26:16] "GET /static/admin/js/nav_sidebar.js HTTP/1.1" 200 3063
Not Found: /favicon.ico
[22/Nov/2025 23:26:16] "GET /favicon.ico HTTP/1.1" 404 2478
[22/Nov/2025 23:26:30] "POST /admin/login/?next=/admin/ HTTP/1.1" 302 0
[22/Nov/2025 23:26:30] "GET /admin/ HTTP/1.1" 200 7322
[22/Nov/2025 23:26:30] "GET /static/admin/css/dashboard.css HTTP/1.1" 200 441
[22/Nov/2025 23:26:30] "GET /static/admin/img/icon-addlink.svg HTTP/1.1" 200 331
[22/Nov/2025 23:26:30] "GET /static/admin/img/icon-changelink.svg HTTP/1.1" 200 380
[22/Nov/2025 23:26:30] "GET /static/admin/img/icon-deletelink.svg HTTP/1.1" 200 392
[22/Nov/2025 23:26:33] "GET /admin/surveys/surveyresponse/ HTTP/1.1" 200 17606
[22/Nov/2025 23:26:33] "GET /static/admin/css/changelists.css HTTP/1.1" 200 6566
[22/Nov/2025 23:26:33] "GET /admin/jsi18n/ HTTP/1.1" 200 3343
[22/Nov/2025 23:26:33] "GET /static/admin/js/jquery.init.js HTTP/1.1" 200 347
[22/Nov/2025 23:26:33] "GET /static/admin/js/core.js HTTP/1.1" 200 5682
[22/Nov/2025 23:26:33] "GET /static/admin/js/admin/RelatedObjectLookups.js HTTP/1.1" 200 8943
[22/Nov/2025 23:26:33] "GET /static/admin/js/actions.js HTTP/1.1" 200 7872
[22/Nov/2025 23:26:33] "GET /static/admin/js/vendor/jquery/jquery.js HTTP/1.1" 200 292458
[22/Nov/2025 23:26:33] "GET /static/admin/js/urlify.js HTTP/1.1" 200 7887
[22/Nov/2025 23:26:33] "GET /static/admin/js/prepopulate.js HTTP/1.1" 200 1531
[22/Nov/2025 23:26:33] "GET /static/admin/img/search.svg HTTP/1.1" 200 458
[22/Nov/2025 23:26:33] "GET /static/admin/js/vendor/xregexp/xregexp.js HTTP/1.1" 200 232381
[22/Nov/2025 23:26:33] "GET /static/admin/img/icon-yes.svg HTTP/1.1" 200 436
[22/Nov/2025 23:26:33] "GET /static/admin/js/filters.js HTTP/1.1" 200 978
[22/Nov/2025 23:26:33] "GET /static/admin/img/tooltag-add.svg HTTP/1.1" 200 331
[22/Nov/2025 23:26:33] "GET /static/admin/img/sorting-icons.svg HTTP/1.1" 200 1097
/home/ubuntu/ASC-Project-Entry-Exit-Dashboard/backend/surveys/views.py changed, reloading.
Performing system checks...

System check identified no issues (0 silenced).
November 22, 2025 - 23:20:05
Django version 4.2.7, using settings 'asc_dashboard.settings'
Starting development server at http://0.0.0.0:8000/
Quit the server with CONTROL-C.

Watching for file changes with StatReloader
/home/ubuntu/ASC-Project-Entry-Exit-Dashboard/backend/surveys/views.py changed, reloading.
Performing system checks...

System check identified no issues (0 silenced).
November 22, 2025 - 23:27:32
Django version 4.2.7, using settings 'asc_dashboard.settings'
Starting development server at http://0.0.0.0:8000/
Quit the server with CONTROL-C.

Watching for file changes with StatReloader
/home/ubuntu/ASC-Project-Entry-Exit-Dashboard/backend/surveys/views.py changed, reloading.
Performing system checks...

System check identified no issues (0 silenced).
November 22, 2025 - 23:27:40
Django version 4.2.7, using settings 'asc_dashboard.settings'
Starting development server at http://0.0.0.0:8000/
Quit the server with CONTROL-C.

Watching for file changes with StatReloader
/home/ubuntu/ASC-Project-Entry-Exit-Dashboard/backend/surveys/views.py changed, reloading.
Performing system checks...

System check identified no issues (0 silenced).
November 22, 2025 - 23:27:49
Django version 4.2.7, using settings 'asc_dashboard.settings'
Starting development server at http://0.0.0.0:8000/
Quit the server with CONTROL-C.

Watching for file changes with StatReloader
/home/ubuntu/ASC-Project-Entry-Exit-Dashboard/backend/surveys/views.py changed, reloading.
Performing system checks...

System check identified no issues (0 silenced).
November 22, 2025 - 23:28:00
Django version 4.2.7, using settings 'asc_dashboard.settings'
Starting development server at http://0.0.0.0:8000/
Quit the server with CONTROL-C.

Watching for file changes with StatReloader
Not Found: /bins/
[22/Nov/2025 23:28:31] "GET /bins/ HTTP/1.1" 404 2460
Not Found: /.env
[22/Nov/2025 23:32:38] "GET /.env HTTP/1.1" 404 2453
Not Found: /
[22/Nov/2025 23:32:38] "POST / HTTP/1.1" 404 2424
Not Found: /bin/
[22/Nov/2025 23:36:55] "GET /bin/ HTTP/1.1" 404 2457
Not Found: /backup/
[22/Nov/2025 23:46:47] "GET /backup/ HTTP/1.1" 404 2466
/home/ubuntu/ASC-Project-Entry-Exit-Dashboard/backend/surveys/views.py changed, reloading.
Performing system checks...

System check identified no issues (0 silenced).
November 22, 2025 - 23:28:03
Django version 4.2.7, using settings 'asc_dashboard.settings'
Starting development server at http://0.0.0.0:8000/
Quit the server with CONTROL-C.

Watching for file changes with StatReloader
/home/ubuntu/ASC-Project-Entry-Exit-Dashboard/backend/surveys/views.py changed, reloading.
Performing system checks...

System check identified no issues (0 silenced).
November 22, 2025 - 23:57:35
Django version 4.2.7, using settings 'asc_dashboard.settings'
Starting development server at http://0.0.0.0:8000/
Quit the server with CONTROL-C.

Watching for file changes with StatReloader
